<?xml version="1.0" encoding="UTF-8"?>
<!-- Generated by org.testng.reporters.JUnitReportReporter -->
<testsuite hostname="Phantom" failures="0" tests="1" name="testLayer.SignUpTest" time="2.332" errors="0" timestamp="2023-05-08T19:39:16 CDT" skipped="0">
  <testcase classname="testLayer.SignUpTest" name="TC5_partial_mobile_number" time="2.332"/>
  <system-out/>
</testsuite> <!-- testLayer.SignUpTest -->
